<?xml version="1.0" encoding="UTF-8"?>
<testng-results ignored="0" total="1" passed="1" failed="0" skipped="0">
  <reporter-output>
  </reporter-output>
  <suite started-at="2024-03-11T17:33:37 IST" name="Default suite" finished-at="2024-03-11T17:33:44 IST" duration-ms="7256">
    <groups>
    </groups>
    <test started-at="2024-03-11T17:33:37 IST" name="Default test" finished-at="2024-03-11T17:33:44 IST" duration-ms="7256">
      <class name="org.cts.FunctionTest">
        <test-method is-config="true" signature="before()[pri:0, instance:org.cts.FunctionTest@543295b0]" started-at="2024-03-11T17:33:37 IST" name="before" finished-at="2024-03-11T17:33:40 IST" duration-ms="3294" status="PASS">
          <reporter-output>
          </reporter-output>
        </test-method> <!-- before -->
        <test-method signature="tc1()[pri:0, instance:org.cts.FunctionTest@543295b0]" started-at="2024-03-11T17:33:41 IST" name="tc1" finished-at="2024-03-11T17:33:44 IST" duration-ms="3898" status="PASS">
          <reporter-output>
          </reporter-output>
        </test-method> <!-- tc1 -->
      </class> <!-- org.cts.FunctionTest -->
    </test> <!-- Default test -->
  </suite> <!-- Default suite -->
</testng-results>
